<?xml version="1.0" encoding="UTF-8"?>
<testsuite xmlns:xsi="http://www.w3.org/2001/XMLSchema-instance" xsi:noNamespaceSchemaLocation="https://maven.apache.org/surefire/maven-surefire-plugin/xsd/surefire-test-report.xsd" name="org.apache.nifi.processors.cassandracounter.ConvertJSONToCassandraCounterSQLTest" time="0.453" tests="1" errors="0" skipped="0" failures="0">
  <properties>
    <property name="sun.desktop" value="windows"/>
    <property name="awt.toolkit" value="sun.awt.windows.WToolkit"/>
    <property name="file.encoding.pkg" value="sun.io"/>
    <property name="java.specification.version" value="1.8"/>
    <property name="sun.cpu.isalist" value="pentium_pro+mmx pentium_pro pentium+mmx pentium i486 i386 i86"/>
    <property name="sun.jnu.encoding" value="Cp1252"/>
    <property name="java.class.path" value="D:\personal\nifi\cassandracounter\cassandracounter_1.10\cassandracounter\nifi-cassandracounter-processors\target\test-classes;D:\personal\nifi\cassandracounter\cassandracounter_1.10\cassandracounter\nifi-cassandracounter-processors\target\classes;C:\Users\RLIGAYE\.m2\repository\org\apache\nifi\nifi-api\1.10.0\nifi-api-1.10.0.jar;C:\Users\RLIGAYE\.m2\repository\org\apache\nifi\nifi-utils\1.10.0\nifi-utils-1.10.0.jar;C:\Users\RLIGAYE\.m2\repository\org\apache\nifi\nifi-mock\1.10.0\nifi-mock-1.10.0.jar;C:\Users\RLIGAYE\.m2\repository\org\apache\nifi\nifi-framework-api\1.10.0\nifi-framework-api-1.10.0.jar;C:\Users\RLIGAYE\.m2\repository\org\apache\nifi\nifi-parameter\1.10.0\nifi-parameter-1.10.0.jar;C:\Users\RLIGAYE\.m2\repository\org\apache\nifi\nifi-expression-language\1.10.0\nifi-expression-language-1.10.0.jar;C:\Users\RLIGAYE\.m2\repository\org\antlr\antlr-runtime\3.5.2\antlr-runtime-3.5.2.jar;C:\Users\RLIGAYE\.m2\repository\com\jayway\jsonpath\json-path\2.4.0\json-path-2.4.0.jar;C:\Users\RLIGAYE\.m2\repository\net\minidev\json-smart\2.3\json-smart-2.3.jar;C:\Users\RLIGAYE\.m2\repository\net\minidev\accessors-smart\1.2\accessors-smart-1.2.jar;C:\Users\RLIGAYE\.m2\repository\org\ow2\asm\asm\5.0.4\asm-5.0.4.jar;C:\Users\RLIGAYE\.m2\repository\org\apache\commons\commons-text\1.8\commons-text-1.8.jar;C:\Users\RLIGAYE\.m2\repository\org\apache\commons\commons-lang3\3.9\commons-lang3-3.9.jar;C:\Users\RLIGAYE\.m2\repository\org\apache\nifi\nifi-data-provenance-utils\1.10.0\nifi-data-provenance-utils-1.10.0.jar;C:\Users\RLIGAYE\.m2\repository\org\apache\nifi\nifi-security-utils\1.10.0\nifi-security-utils-1.10.0.jar;C:\Users\RLIGAYE\.m2\repository\commons-codec\commons-codec\1.12\commons-codec-1.12.jar;C:\Users\RLIGAYE\.m2\repository\org\bouncycastle\bcpkix-jdk15on\1.61\bcpkix-jdk15on-1.61.jar;C:\Users\RLIGAYE\.m2\repository\de\svenkubiak\jBCrypt\0.4.1\jBCrypt-0.4.1.jar;C:\Users\RLIGAYE\.m2\repository\org\apache\commons\commons-configuration2\2.4\commons-configuration2-2.4.jar;C:\Users\RLIGAYE\.m2\repository\commons-logging\commons-logging\1.2\commons-logging-1.2.jar;C:\Users\RLIGAYE\.m2\repository\org\bouncycastle\bcprov-jdk15on\1.61\bcprov-jdk15on-1.61.jar;C:\Users\RLIGAYE\.m2\repository\org\apache\nifi\nifi-properties-loader\1.10.0\nifi-properties-loader-1.10.0.jar;C:\Users\RLIGAYE\.m2\repository\org\apache\nifi\nifi-properties\1.10.0\nifi-properties-1.10.0.jar;C:\Users\RLIGAYE\.m2\repository\org\slf4j\slf4j-simple\1.7.26\slf4j-simple-1.7.26.jar;C:\Users\RLIGAYE\.m2\repository\org\slf4j\slf4j-api\1.7.26\slf4j-api-1.7.26.jar;C:\Users\RLIGAYE\.m2\repository\junit\junit\4.12\junit-4.12.jar;C:\Users\RLIGAYE\.m2\repository\org\hamcrest\hamcrest-core\1.3\hamcrest-core-1.3.jar;C:\Users\RLIGAYE\.m2\repository\com\fasterxml\jackson\core\jackson-core\2.9.10\jackson-core-2.9.10.jar;C:\Users\RLIGAYE\.m2\repository\com\fasterxml\jackson\core\jackson-databind\2.9.10\jackson-databind-2.9.10.jar;C:\Users\RLIGAYE\.m2\repository\com\fasterxml\jackson\core\jackson-annotations\2.9.10\jackson-annotations-2.9.10.jar;C:\Users\RLIGAYE\.m2\repository\org\mockito\mockito-core\2.28.2\mockito-core-2.28.2.jar;C:\Users\RLIGAYE\.m2\repository\net\bytebuddy\byte-buddy\1.9.10\byte-buddy-1.9.10.jar;C:\Users\RLIGAYE\.m2\repository\net\bytebuddy\byte-buddy-agent\1.9.10\byte-buddy-agent-1.9.10.jar;C:\Users\RLIGAYE\.m2\repository\org\objenesis\objenesis\2.6\objenesis-2.6.jar;C:\Users\RLIGAYE\.m2\repository\org\codehaus\groovy\groovy-test\2.5.4\groovy-test-2.5.4.jar;C:\Users\RLIGAYE\.m2\repository\org\codehaus\groovy\groovy\2.5.4\groovy-2.5.4.jar;"/>
    <property name="java.vm.vendor" value="Oracle Corporation"/>
    <property name="sun.arch.data.model" value="32"/>
    <property name="user.variant" value=""/>
    <property name="java.vendor.url" value="http://java.oracle.com/"/>
    <property name="user.timezone" value="Africa/Nairobi"/>
    <property name="java.vm.specification.version" value="1.8"/>
    <property name="os.name" value="Windows 8.1"/>
    <property name="user.country" value="US"/>
    <property name="sun.java.launcher" value="SUN_STANDARD"/>
    <property name="sun.boot.library.path" value="C:\Program Files (x86)\Java\jdk1.8.0_45\jre\bin"/>
    <property name="sun.java.command" value="C:\Users\RLIGAYE\AppData\Local\Temp\surefire5970576499731863920\surefirebooter7369287986815579166.jar C:\Users\RLIGAYE\AppData\Local\Temp\surefire5970576499731863920 2019-12-09T10-00-03_487-jvmRun1 surefire1751723615391678257tmp surefire_07130494605244951227tmp"/>
    <property name="surefire.test.class.path" value="D:\personal\nifi\cassandracounter\cassandracounter_1.10\cassandracounter\nifi-cassandracounter-processors\target\test-classes;D:\personal\nifi\cassandracounter\cassandracounter_1.10\cassandracounter\nifi-cassandracounter-processors\target\classes;C:\Users\RLIGAYE\.m2\repository\org\apache\nifi\nifi-api\1.10.0\nifi-api-1.10.0.jar;C:\Users\RLIGAYE\.m2\repository\org\apache\nifi\nifi-utils\1.10.0\nifi-utils-1.10.0.jar;C:\Users\RLIGAYE\.m2\repository\org\apache\nifi\nifi-mock\1.10.0\nifi-mock-1.10.0.jar;C:\Users\RLIGAYE\.m2\repository\org\apache\nifi\nifi-framework-api\1.10.0\nifi-framework-api-1.10.0.jar;C:\Users\RLIGAYE\.m2\repository\org\apache\nifi\nifi-parameter\1.10.0\nifi-parameter-1.10.0.jar;C:\Users\RLIGAYE\.m2\repository\org\apache\nifi\nifi-expression-language\1.10.0\nifi-expression-language-1.10.0.jar;C:\Users\RLIGAYE\.m2\repository\org\antlr\antlr-runtime\3.5.2\antlr-runtime-3.5.2.jar;C:\Users\RLIGAYE\.m2\repository\com\jayway\jsonpath\json-path\2.4.0\json-path-2.4.0.jar;C:\Users\RLIGAYE\.m2\repository\net\minidev\json-smart\2.3\json-smart-2.3.jar;C:\Users\RLIGAYE\.m2\repository\net\minidev\accessors-smart\1.2\accessors-smart-1.2.jar;C:\Users\RLIGAYE\.m2\repository\org\ow2\asm\asm\5.0.4\asm-5.0.4.jar;C:\Users\RLIGAYE\.m2\repository\org\apache\commons\commons-text\1.8\commons-text-1.8.jar;C:\Users\RLIGAYE\.m2\repository\org\apache\commons\commons-lang3\3.9\commons-lang3-3.9.jar;C:\Users\RLIGAYE\.m2\repository\org\apache\nifi\nifi-data-provenance-utils\1.10.0\nifi-data-provenance-utils-1.10.0.jar;C:\Users\RLIGAYE\.m2\repository\org\apache\nifi\nifi-security-utils\1.10.0\nifi-security-utils-1.10.0.jar;C:\Users\RLIGAYE\.m2\repository\commons-codec\commons-codec\1.12\commons-codec-1.12.jar;C:\Users\RLIGAYE\.m2\repository\org\bouncycastle\bcpkix-jdk15on\1.61\bcpkix-jdk15on-1.61.jar;C:\Users\RLIGAYE\.m2\repository\de\svenkubiak\jBCrypt\0.4.1\jBCrypt-0.4.1.jar;C:\Users\RLIGAYE\.m2\repository\org\apache\commons\commons-configuration2\2.4\commons-configuration2-2.4.jar;C:\Users\RLIGAYE\.m2\repository\commons-logging\commons-logging\1.2\commons-logging-1.2.jar;C:\Users\RLIGAYE\.m2\repository\org\bouncycastle\bcprov-jdk15on\1.61\bcprov-jdk15on-1.61.jar;C:\Users\RLIGAYE\.m2\repository\org\apache\nifi\nifi-properties-loader\1.10.0\nifi-properties-loader-1.10.0.jar;C:\Users\RLIGAYE\.m2\repository\org\apache\nifi\nifi-properties\1.10.0\nifi-properties-1.10.0.jar;C:\Users\RLIGAYE\.m2\repository\org\slf4j\slf4j-simple\1.7.26\slf4j-simple-1.7.26.jar;C:\Users\RLIGAYE\.m2\repository\org\slf4j\slf4j-api\1.7.26\slf4j-api-1.7.26.jar;C:\Users\RLIGAYE\.m2\repository\junit\junit\4.12\junit-4.12.jar;C:\Users\RLIGAYE\.m2\repository\org\hamcrest\hamcrest-core\1.3\hamcrest-core-1.3.jar;C:\Users\RLIGAYE\.m2\repository\com\fasterxml\jackson\core\jackson-core\2.9.10\jackson-core-2.9.10.jar;C:\Users\RLIGAYE\.m2\repository\com\fasterxml\jackson\core\jackson-databind\2.9.10\jackson-databind-2.9.10.jar;C:\Users\RLIGAYE\.m2\repository\com\fasterxml\jackson\core\jackson-annotations\2.9.10\jackson-annotations-2.9.10.jar;C:\Users\RLIGAYE\.m2\repository\org\mockito\mockito-core\2.28.2\mockito-core-2.28.2.jar;C:\Users\RLIGAYE\.m2\repository\net\bytebuddy\byte-buddy\1.9.10\byte-buddy-1.9.10.jar;C:\Users\RLIGAYE\.m2\repository\net\bytebuddy\byte-buddy-agent\1.9.10\byte-buddy-agent-1.9.10.jar;C:\Users\RLIGAYE\.m2\repository\org\objenesis\objenesis\2.6\objenesis-2.6.jar;C:\Users\RLIGAYE\.m2\repository\org\codehaus\groovy\groovy-test\2.5.4\groovy-test-2.5.4.jar;C:\Users\RLIGAYE\.m2\repository\org\codehaus\groovy\groovy\2.5.4\groovy-2.5.4.jar;"/>
    <property name="sun.cpu.endian" value="little"/>
    <property name="user.home" value="C:\Users\RLIGAYE"/>
    <property name="user.language" value="en"/>
    <property name="java.specification.vendor" value="Oracle Corporation"/>
    <property name="java.home" value="C:\Program Files (x86)\Java\jdk1.8.0_45\jre"/>
    <property name="basedir" value="D:\personal\nifi\cassandracounter\cassandracounter_1.10\cassandracounter\nifi-cassandracounter-processors"/>
    <property name="file.separator" value="\"/>
    <property name="line.separator" value="&#10;"/>
    <property name="java.vm.specification.vendor" value="Oracle Corporation"/>
    <property name="java.specification.name" value="Java Platform API Specification"/>
    <property name="java.awt.graphicsenv" value="sun.awt.Win32GraphicsEnvironment"/>
    <property name="java.awt.headless" value="true"/>
    <property name="surefire.real.class.path" value="C:\Users\RLIGAYE\AppData\Local\Temp\surefire5970576499731863920\surefirebooter7369287986815579166.jar"/>
    <property name="sun.boot.class.path" value="C:\Program Files (x86)\Java\jdk1.8.0_45\jre\lib\resources.jar;C:\Program Files (x86)\Java\jdk1.8.0_45\jre\lib\rt.jar;C:\Program Files (x86)\Java\jdk1.8.0_45\jre\lib\sunrsasign.jar;C:\Program Files (x86)\Java\jdk1.8.0_45\jre\lib\jsse.jar;C:\Program Files (x86)\Java\jdk1.8.0_45\jre\lib\jce.jar;C:\Program Files (x86)\Java\jdk1.8.0_45\jre\lib\charsets.jar;C:\Program Files (x86)\Java\jdk1.8.0_45\jre\lib\jfr.jar;C:\Program Files (x86)\Java\jdk1.8.0_45\jre\classes"/>
    <property name="user.script" value=""/>
    <property name="sun.management.compiler" value="HotSpot Client Compiler"/>
    <property name="java.runtime.version" value="1.8.0_45-b15"/>
    <property name="java.net.preferIPv4Stack" value="true"/>
    <property name="user.name" value="RLIGAYE"/>
    <property name="path.separator" value=";"/>
    <property name="os.version" value="6.3"/>
    <property name="java.endorsed.dirs" value="C:\Program Files (x86)\Java\jdk1.8.0_45\jre\lib\endorsed"/>
    <property name="java.runtime.name" value="Java(TM) SE Runtime Environment"/>
    <property name="file.encoding" value="UTF-8"/>
    <property name="java.vm.name" value="Java HotSpot(TM) Client VM"/>
    <property name="localRepository" value="C:\Users\RLIGAYE\.m2\repository"/>
    <property name="java.vendor.url.bug" value="http://bugreport.sun.com/bugreport/"/>
    <property name="java.io.tmpdir" value="C:\Users\RLIGAYE\AppData\Local\Temp\"/>
    <property name="java.version" value="1.8.0_45"/>
    <property name="user.dir" value="D:\personal\nifi\cassandracounter\cassandracounter_1.10\cassandracounter\nifi-cassandracounter-processors"/>
    <property name="os.arch" value="x86"/>
    <property name="java.vm.specification.name" value="Java Virtual Machine Specification"/>
    <property name="java.awt.printerjob" value="sun.awt.windows.WPrinterJob"/>
    <property name="sun.os.patch.level" value=""/>
    <property name="java.library.path" value="C:\Program Files (x86)\Java\jdk1.8.0_45\jre\bin;C:\Windows\Sun\Java\bin;C:\Windows\system32;C:\Windows;C:\Program Files (x86)\Common Files\Oracle\Java\javapath;C:\ProgramData\Oracle\Java\javapath;C:\Windows\system32;C:\Windows;C:\Windows\System32\Wbem;C:\Windows\System32\WindowsPowerShell\v1.0\;C:\Windows\System32\OpenSSH\;C:\Program Files\Intel\WiFi\bin\;C:\Program Files\Common Files\Intel\WirelessCommon\;C:\Program Files (x86)\Sennheiser\SoftphoneSDK\;C:\Users\RLIGAYE\AppData\Local\Continuum\Anaconda3;C:\Users\RLIGAYE\AppData\Local\Continuum\Anaconda3\Scripts;C:\Users\RLIGAYE\AppData\Local\Continuum\Anaconda3\Library\bin;C:\Users\RLIGAYE\AppData\Local\Microsoft\WindowsApps;C:\Users\RLIGAYE\AppData\Local\Programs\Microsoft VS Code\bin;C:\Users\RLIGAYE\Git\cmd;C:\Users\RLIGAYE\AppData\Local\JetBrains\IntelliJ IDEA 2019.3\bin;;."/>
    <property name="java.vm.info" value="mixed mode"/>
    <property name="java.vendor" value="Oracle Corporation"/>
    <property name="java.vm.version" value="25.45-b02"/>
    <property name="java.ext.dirs" value="C:\Program Files (x86)\Java\jdk1.8.0_45\jre\lib\ext;C:\Windows\Sun\Java\lib\ext"/>
    <property name="sun.io.unicode.encoding" value="UnicodeLittle"/>
    <property name="java.class.version" value="52.0"/>
  </properties>
  <testcase name="testProcessor" classname="org.apache.nifi.processors.cassandracounter.ConvertJSONToCassandraCounterSQLTest" time="0.383"/>
</testsuite>